<?xml version="1.0" encoding="UTF-8"?>
<!-- Generated by org.testng.reporters.JUnitReportReporter -->
<testsuite hostname="BYOD-663311" failures="0" tests="3" name="day11.Practice" time="53.487" errors="0" timestamp="2024-08-06T15:56:01 IST" skipped="0">
  <testcase classname="day11.Practice" name="login" time="13.164"/>
  <system-out/>
  <testcase classname="day11.Practice" name="login" time="15.394"/>
  <system-out/>
  <testcase classname="day11.Practice" name="login" time="24.929"/>
  <system-out/>
</testsuite> <!-- day11.Practice -->
