<?xml version="1.0" encoding="UTF-8"?>
<!-- Generated by org.testng.reporters.JUnitReportReporter -->
<testsuite hostname="BYOD-663311" failures="0" tests="1" name="day9.Ssl" time="22.591" errors="0" timestamp="2024-07-20T11:08:15 IST" skipped="0">
  <testcase classname="day9.Ssl" name="ssl" time="22.591"/>
  <system-out/>
</testsuite> <!-- day9.Ssl -->
