<?xml version="1.0" encoding="UTF-8"?>
<!-- Generated by org.testng.reporters.JUnitReportReporter -->
<testsuite hostname="BYOD-663311" failures="0" tests="2" name="testeng1.sub.One" time="0.012" errors="0" timestamp="2024-07-15T11:31:59 IST" skipped="0">
  <testcase classname="testeng1.sub.One" name="B" time="0.006"/>
  <system-out/>
  <testcase classname="testeng1.sub.One" name="A" time="0.006"/>
  <system-out/>
</testsuite> <!-- testeng1.sub.One -->
