<?xml version="1.0" encoding="UTF-8"?>
<!-- Generated by org.testng.reporters.JUnitReportReporter -->
<testsuite hostname="BYOD-663311" failures="0" tests="2" name="testeng1.first" time="0.043" errors="0" timestamp="2024-07-15T11:04:12 IST" skipped="0">
  <testcase classname="testeng1.first" name="Login" time="0.032"/>
  <system-out/>
  <testcase classname="testeng1.first" name="Register" time="0.011"/>
  <system-out/>
</testsuite> <!-- testeng1.first -->
