<?xml version="1.0" encoding="UTF-8"?>
<!-- Generated by org.testng.reporters.JUnitReportReporter -->
<testsuite hostname="BYOD-663311" failures="0" tests="1" name="testeng1.second" time="2.600" errors="0" timestamp="2024-07-15T11:24:12 IST" skipped="0">
  <testcase classname="testeng1.second" name="search" time="2.600"/>
  <system-out/>
</testsuite> <!-- testeng1.second -->
