<?xml version="1.0" encoding="UTF-8"?>
<!-- Generated by org.testng.reporters.JUnitReportReporter -->
<testsuite hostname="BYOD-663311" failures="0" tests="2" name="testeng1.sub.Two" time="0.025" errors="0" timestamp="2024-07-15T11:31:59 IST" skipped="0">
  <testcase classname="testeng1.sub.Two" name="Login" time="0.022"/>
  <system-out/>
  <testcase classname="testeng1.sub.Two" name="Register" time="0.003"/>
  <system-out/>
</testsuite> <!-- testeng1.sub.Two -->
